<?xml version="1.0" encoding="UTF-8"?>
<!-- Generated by org.testng.reporters.JUnitXMLReporter -->
<testsuite ignored="0" hostname="LTIN197254" failures="0" tests="3" name="Firefox Test" time="37.265" errors="0" timestamp="2022-10-25T11:05:13 IST">
  <testcase classname="lambdatestjava.LambdaTestJava" name="testScenario1" time="0.729"/>
  <testcase classname="lambdatestjava.LambdaTestJava3" name="testScenario3" time="4.557"/>
  <testcase classname="lambdatestjava.LambdaTestJava2" name="testScenario2" time="6.431"/>
</testsuite> <!-- Firefox Test -->
